15:03:42 INFO  : Registering command handlers for SDK TCF services
15:03:43 INFO  : Launching XSCT server: xsct.bat -interactive C:\Users\LIUYAOHUI\Desktop\1249\temp_xsdb_launch_script.tcl
15:03:44 INFO  : XSCT server has started successfully.
15:03:44 INFO  : Successfully done setting XSCT server connection channel  
15:03:44 INFO  : Successfully done setting SDK workspace  
15:04:50 INFO  : Connected to target on host '127.0.0.1' and port '3121'.
15:04:50 INFO  : Jtag cable 'Digilent JTAG-SMT2 210251A08870' is selected.
15:04:50 INFO  : 'jtag frequency' command is executed.
15:04:50 INFO  : 'targets -set -filter {jtag_cable_name =~ "Digilent JTAG-SMT2 210251A08870" && level==0} -index 0' command is executed.
15:05:09 INFO  : FPGA configured successfully with bitstream "C:/Users/LIUYAOHUI/Desktop/1249/top_hw_platform_0/top0710.bit"
15:05:09 INFO  : 'configparams mdm-detect-bscan-mask 2' command is executed.
15:05:09 INFO  : Context for processor 'microblaze_1' is selected.
15:05:09 INFO  : System reset is completed.
15:05:12 INFO  : 'after 3000' command is executed.
15:05:12 INFO  : Context for processor 'microblaze_1' is selected.
15:05:14 INFO  : The application 'C:/Users/LIUYAOHUI/Desktop/1249/1249/Debug/1249.elf' is downloaded to processor 'microblaze_1'.
15:05:14 INFO  : ----------------XSDB Script----------------
connect -url tcp:127.0.0.1:3121
targets -set -filter {jtag_cable_name =~ "Digilent JTAG-SMT2 210251A08870" && level==0} -index 0
fpga -file C:/Users/LIUYAOHUI/Desktop/1249/top_hw_platform_0/top0710.bit
configparams mdm-detect-bscan-mask 2
targets -set -nocase -filter {name =~ "microblaze*#0" && bscan=="USER2"  && jtag_cable_name =~ "Digilent JTAG-SMT2 210251A08870"} -index 0
rst -system
after 3000
targets -set -nocase -filter {name =~ "microblaze*#0" && bscan=="USER2"  && jtag_cable_name =~ "Digilent JTAG-SMT2 210251A08870"} -index 0
dow C:/Users/LIUYAOHUI/Desktop/1249/1249/Debug/1249.elf
----------------End of Script----------------

15:05:14 INFO  : Memory regions updated for context MicroBlaze #0
15:05:14 INFO  : Memory regions updated for context MicroBlaze #0
15:05:14 INFO  : Context for processor 'microblaze_1' is selected.
15:05:14 INFO  : 'con' command is executed.
15:05:14 INFO  : ----------------XSDB Script (After Launch)----------------
targets -set -nocase -filter {name =~ "microblaze*#0" && bscan=="USER2"  && jtag_cable_name =~ "Digilent JTAG-SMT2 210251A08870"} -index 0
con
----------------End of Script----------------

15:05:14 INFO  : Launch script is exported to file 'C:\Users\LIUYAOHUI\Desktop\1249\.sdk\launch_scripts\xilinx_c-c++_application_(system_debugger)\system_debugger_on_local.tcl'
15:26:04 INFO  : Disconnected from the channel tcfchan#1.
15:26:05 INFO  : Connected to target on host '127.0.0.1' and port '3121'.
15:26:05 INFO  : Jtag cable 'Digilent JTAG-SMT2 210251A08870' is selected.
15:26:05 INFO  : 'jtag frequency' command is executed.
15:26:05 INFO  : 'targets -set -filter {jtag_cable_name =~ "Digilent JTAG-SMT2 210251A08870" && level==0} -index 0' command is executed.
15:26:23 INFO  : FPGA configured successfully with bitstream "C:/Users/LIUYAOHUI/Desktop/1249/top_hw_platform_0/top0710.bit"
15:26:23 INFO  : 'configparams mdm-detect-bscan-mask 2' command is executed.
15:26:23 INFO  : Context for processor 'microblaze_1' is selected.
15:26:23 INFO  : System reset is completed.
15:26:26 INFO  : 'after 3000' command is executed.
15:26:26 INFO  : Context for processor 'microblaze_1' is selected.
15:26:28 INFO  : The application 'C:/Users/LIUYAOHUI/Desktop/1249/1249/Debug/1249.elf' is downloaded to processor 'microblaze_1'.
15:26:28 INFO  : ----------------XSDB Script----------------
connect -url tcp:127.0.0.1:3121
targets -set -filter {jtag_cable_name =~ "Digilent JTAG-SMT2 210251A08870" && level==0} -index 0
fpga -file C:/Users/LIUYAOHUI/Desktop/1249/top_hw_platform_0/top0710.bit
configparams mdm-detect-bscan-mask 2
targets -set -nocase -filter {name =~ "microblaze*#0" && bscan=="USER2"  && jtag_cable_name =~ "Digilent JTAG-SMT2 210251A08870"} -index 0
rst -system
after 3000
targets -set -nocase -filter {name =~ "microblaze*#0" && bscan=="USER2"  && jtag_cable_name =~ "Digilent JTAG-SMT2 210251A08870"} -index 0
dow C:/Users/LIUYAOHUI/Desktop/1249/1249/Debug/1249.elf
----------------End of Script----------------

15:26:28 INFO  : Memory regions updated for context MicroBlaze #0
15:26:28 INFO  : Memory regions updated for context MicroBlaze #0
15:26:29 INFO  : Context for processor 'microblaze_1' is selected.
15:26:29 INFO  : 'con' command is executed.
15:26:29 INFO  : ----------------XSDB Script (After Launch)----------------
targets -set -nocase -filter {name =~ "microblaze*#0" && bscan=="USER2"  && jtag_cable_name =~ "Digilent JTAG-SMT2 210251A08870"} -index 0
con
----------------End of Script----------------

15:26:29 INFO  : Launch script is exported to file 'C:\Users\LIUYAOHUI\Desktop\1249\.sdk\launch_scripts\xilinx_c-c++_application_(system_debugger)\system_debugger_on_local.tcl'
15:32:36 INFO  : Disconnected from the channel tcfchan#2.
10:41:37 INFO  : Registering command handlers for SDK TCF services
10:41:37 INFO  : Launching XSCT server: xsct.bat -interactive C:\Users\LIUYAOHUI\Desktop\1249\temp_xsdb_launch_script.tcl
10:41:38 INFO  : XSCT server has started successfully.
10:41:38 INFO  : Successfully done setting XSCT server connection channel  
10:41:38 INFO  : Successfully done setting SDK workspace  
15:56:35 INFO  : Registering command handlers for SDK TCF services
15:56:36 INFO  : Launching XSCT server: xsct.bat -interactive C:\Users\LIUYAOHUI\Desktop\1249\temp_xsdb_launch_script.tcl
15:56:38 INFO  : XSCT server has started successfully.
15:56:38 INFO  : Successfully done setting XSCT server connection channel  
15:56:40 INFO  : Successfully done setting SDK workspace  
16:12:37 INFO  : Connected to target on host '127.0.0.1' and port '3121'.
16:12:37 INFO  : Jtag cable 'Digilent JTAG-SMT2 210251A08870' is selected.
16:12:37 INFO  : 'jtag frequency' command is executed.
16:12:37 INFO  : 'targets -set -filter {jtag_cable_name =~ "Digilent JTAG-SMT2 210251A08870" && level==0} -index 0' command is executed.
16:12:56 INFO  : FPGA configured successfully with bitstream "C:/Users/LIUYAOHUI/Desktop/1249/top_hw_platform_0/top0805.bit"
16:12:56 INFO  : 'configparams mdm-detect-bscan-mask 2' command is executed.
16:12:56 INFO  : Context for processor 'u_nhc_amba_core_cpu_subsystem_u_cpu_subsystem_i_microblaze_1' is selected.
16:12:56 INFO  : System reset is completed.
16:12:59 INFO  : 'after 3000' command is executed.
16:12:59 INFO  : ----------------XSDB Script----------------
connect -url tcp:127.0.0.1:3121
targets -set -filter {jtag_cable_name =~ "Digilent JTAG-SMT2 210251A08870" && level==0} -index 0
fpga -file C:/Users/LIUYAOHUI/Desktop/1249/top_hw_platform_0/top0805.bit
configparams mdm-detect-bscan-mask 2
targets -set -nocase -filter {name =~ "microblaze*#0" && bscan=="USER2"  && jtag_cable_name =~ "Digilent JTAG-SMT2 210251A08870"} -index 0
rst -system
after 3000
----------------End of Script----------------

16:12:59 INFO  : Memory regions updated for context MicroBlaze #0
16:12:59 INFO  : Memory regions updated for context MicroBlaze #0
16:12:59 INFO  : Launch script is exported to file 'C:\Users\LIUYAOHUI\Desktop\1249\.sdk\launch_scripts\xilinx_c-c++_application_(system_debugger)\system_debugger_on_local.tcl'
16:13:55 INFO  : Disconnected from the channel tcfchan#1.
16:13:56 INFO  : Connected to target on host '127.0.0.1' and port '3121'.
16:13:56 INFO  : Jtag cable 'Digilent JTAG-SMT2 210251A08870' is selected.
16:13:56 INFO  : 'jtag frequency' command is executed.
16:13:56 INFO  : 'targets -set -filter {jtag_cable_name =~ "Digilent JTAG-SMT2 210251A08870" && level==0} -index 0' command is executed.
16:14:15 INFO  : FPGA configured successfully with bitstream "C:/Users/LIUYAOHUI/Desktop/1249/top_hw_platform_0/top0805.bit"
16:14:15 INFO  : 'configparams mdm-detect-bscan-mask 2' command is executed.
16:14:15 INFO  : Context for processor 'u_nhc_amba_core_cpu_subsystem_u_cpu_subsystem_i_microblaze_1' is selected.
16:14:15 INFO  : System reset is completed.
16:14:18 INFO  : 'after 3000' command is executed.
16:14:18 INFO  : Context for processor 'u_nhc_amba_core_cpu_subsystem_u_cpu_subsystem_i_microblaze_1' is selected.
16:14:20 INFO  : The application 'C:/Users/LIUYAOHUI/Desktop/1249/1249/Debug/1249.elf' is downloaded to processor 'u_nhc_amba_core_cpu_subsystem_u_cpu_subsystem_i_microblaze_1'.
16:14:20 INFO  : ----------------XSDB Script----------------
connect -url tcp:127.0.0.1:3121
targets -set -filter {jtag_cable_name =~ "Digilent JTAG-SMT2 210251A08870" && level==0} -index 0
fpga -file C:/Users/LIUYAOHUI/Desktop/1249/top_hw_platform_0/top0805.bit
configparams mdm-detect-bscan-mask 2
targets -set -nocase -filter {name =~ "microblaze*#0" && bscan=="USER2"  && jtag_cable_name =~ "Digilent JTAG-SMT2 210251A08870"} -index 0
rst -system
after 3000
targets -set -nocase -filter {name =~ "microblaze*#0" && bscan=="USER2"  && jtag_cable_name =~ "Digilent JTAG-SMT2 210251A08870"} -index 0
dow C:/Users/LIUYAOHUI/Desktop/1249/1249/Debug/1249.elf
----------------End of Script----------------

16:14:20 INFO  : Memory regions updated for context MicroBlaze #0
16:14:20 INFO  : Memory regions updated for context MicroBlaze #0
16:14:20 INFO  : Context for processor 'u_nhc_amba_core_cpu_subsystem_u_cpu_subsystem_i_microblaze_1' is selected.
16:14:20 INFO  : 'con' command is executed.
16:14:20 INFO  : ----------------XSDB Script (After Launch)----------------
targets -set -nocase -filter {name =~ "microblaze*#0" && bscan=="USER2"  && jtag_cable_name =~ "Digilent JTAG-SMT2 210251A08870"} -index 0
con
----------------End of Script----------------

16:14:20 INFO  : Launch script is exported to file 'C:\Users\LIUYAOHUI\Desktop\1249\.sdk\launch_scripts\xilinx_c-c++_application_(system_debugger)\system_debugger_on_local.tcl'
16:15:05 INFO  : Disconnected from the channel tcfchan#2.
16:15:06 INFO  : Connected to target on host '127.0.0.1' and port '3121'.
16:15:06 INFO  : Jtag cable 'Digilent JTAG-SMT2 210251A08870' is selected.
16:15:06 INFO  : 'jtag frequency' command is executed.
16:15:06 INFO  : 'targets -set -filter {jtag_cable_name =~ "Digilent JTAG-SMT2 210251A08870" && level==0} -index 0' command is executed.
16:15:25 INFO  : FPGA configured successfully with bitstream "C:/Users/LIUYAOHUI/Desktop/1249/top_hw_platform_0/top0805.bit"
16:15:25 INFO  : 'configparams mdm-detect-bscan-mask 2' command is executed.
16:15:25 INFO  : Context for processor 'u_nhc_amba_core_cpu_subsystem_u_cpu_subsystem_i_microblaze_1' is selected.
16:15:25 INFO  : System reset is completed.
16:15:28 INFO  : 'after 3000' command is executed.
16:15:28 INFO  : Context for processor 'u_nhc_amba_core_cpu_subsystem_u_cpu_subsystem_i_microblaze_1' is selected.
16:15:30 INFO  : The application 'C:/Users/LIUYAOHUI/Desktop/1249/1249/Debug/1249.elf' is downloaded to processor 'u_nhc_amba_core_cpu_subsystem_u_cpu_subsystem_i_microblaze_1'.
16:15:30 INFO  : ----------------XSDB Script----------------
connect -url tcp:127.0.0.1:3121
targets -set -filter {jtag_cable_name =~ "Digilent JTAG-SMT2 210251A08870" && level==0} -index 0
fpga -file C:/Users/LIUYAOHUI/Desktop/1249/top_hw_platform_0/top0805.bit
configparams mdm-detect-bscan-mask 2
targets -set -nocase -filter {name =~ "microblaze*#0" && bscan=="USER2"  && jtag_cable_name =~ "Digilent JTAG-SMT2 210251A08870"} -index 0
rst -system
after 3000
targets -set -nocase -filter {name =~ "microblaze*#0" && bscan=="USER2"  && jtag_cable_name =~ "Digilent JTAG-SMT2 210251A08870"} -index 0
dow C:/Users/LIUYAOHUI/Desktop/1249/1249/Debug/1249.elf
----------------End of Script----------------

16:15:30 INFO  : Memory regions updated for context MicroBlaze #0
16:15:30 INFO  : Memory regions updated for context MicroBlaze #0
16:15:30 INFO  : Context for processor 'u_nhc_amba_core_cpu_subsystem_u_cpu_subsystem_i_microblaze_1' is selected.
16:15:30 INFO  : 'con' command is executed.
16:15:30 INFO  : ----------------XSDB Script (After Launch)----------------
targets -set -nocase -filter {name =~ "microblaze*#0" && bscan=="USER2"  && jtag_cable_name =~ "Digilent JTAG-SMT2 210251A08870"} -index 0
con
----------------End of Script----------------

16:15:30 INFO  : Launch script is exported to file 'C:\Users\LIUYAOHUI\Desktop\1249\.sdk\launch_scripts\xilinx_c-c++_application_(system_debugger)\system_debugger_on_local.tcl'
16:20:02 INFO  : Disconnected from the channel tcfchan#3.
16:20:03 INFO  : Connected to target on host '127.0.0.1' and port '3121'.
16:20:03 INFO  : Jtag cable 'Digilent JTAG-SMT2 210251A08870' is selected.
16:20:03 INFO  : 'jtag frequency' command is executed.
16:20:04 INFO  : 'targets -set -filter {jtag_cable_name =~ "Digilent JTAG-SMT2 210251A08870" && level==0} -index 0' command is executed.
16:20:22 INFO  : FPGA configured successfully with bitstream "C:/Users/LIUYAOHUI/Desktop/1249/top_hw_platform_0/top0805.bit"
16:20:22 INFO  : 'configparams mdm-detect-bscan-mask 2' command is executed.
16:20:22 INFO  : Context for processor 'u_nhc_amba_core_cpu_subsystem_u_cpu_subsystem_i_microblaze_1' is selected.
16:20:23 INFO  : System reset is completed.
16:20:26 INFO  : 'after 3000' command is executed.
16:20:26 INFO  : Context for processor 'u_nhc_amba_core_cpu_subsystem_u_cpu_subsystem_i_microblaze_1' is selected.
16:20:28 INFO  : The application 'C:/Users/LIUYAOHUI/Desktop/1249/1249/Debug/1249.elf' is downloaded to processor 'u_nhc_amba_core_cpu_subsystem_u_cpu_subsystem_i_microblaze_1'.
16:20:28 INFO  : ----------------XSDB Script----------------
connect -url tcp:127.0.0.1:3121
targets -set -filter {jtag_cable_name =~ "Digilent JTAG-SMT2 210251A08870" && level==0} -index 0
fpga -file C:/Users/LIUYAOHUI/Desktop/1249/top_hw_platform_0/top0805.bit
configparams mdm-detect-bscan-mask 2
targets -set -nocase -filter {name =~ "microblaze*#0" && bscan=="USER2"  && jtag_cable_name =~ "Digilent JTAG-SMT2 210251A08870"} -index 0
rst -system
after 3000
targets -set -nocase -filter {name =~ "microblaze*#0" && bscan=="USER2"  && jtag_cable_name =~ "Digilent JTAG-SMT2 210251A08870"} -index 0
dow C:/Users/LIUYAOHUI/Desktop/1249/1249/Debug/1249.elf
----------------End of Script----------------

16:20:28 INFO  : Memory regions updated for context MicroBlaze #0
16:20:28 INFO  : Memory regions updated for context MicroBlaze #0
16:20:28 INFO  : Context for processor 'u_nhc_amba_core_cpu_subsystem_u_cpu_subsystem_i_microblaze_1' is selected.
16:20:28 INFO  : 'con' command is executed.
16:20:28 INFO  : ----------------XSDB Script (After Launch)----------------
targets -set -nocase -filter {name =~ "microblaze*#0" && bscan=="USER2"  && jtag_cable_name =~ "Digilent JTAG-SMT2 210251A08870"} -index 0
con
----------------End of Script----------------

16:20:28 INFO  : Launch script is exported to file 'C:\Users\LIUYAOHUI\Desktop\1249\.sdk\launch_scripts\xilinx_c-c++_application_(system_debugger)\system_debugger_on_local.tcl'
17:46:09 INFO  : Disconnected from the channel tcfchan#4.
09:27:23 INFO  : Registering command handlers for SDK TCF services
09:27:23 INFO  : Launching XSCT server: xsct.bat -interactive C:\Users\LIUYAOHUI\Desktop\1249\temp_xsdb_launch_script.tcl
09:27:25 INFO  : XSCT server has started successfully.
09:27:25 INFO  : Successfully done setting XSCT server connection channel  
09:27:28 INFO  : Successfully done setting SDK workspace  
09:30:26 ERROR : (XSDB Server)ERROR: [Hsi 55-1403] C:/Users/LIUYAOHUI/Desktop/1249/1249_bsp/system.mss line 14 - No IP instance named microblaze_1 present in hardware design

09:30:26 ERROR : (XSDB Server)ERROR: [Hsi 55-1403] C:/Users/LIUYAOHUI/Desktop/1249/1249_bsp/system.mss line 22 - No IP instance named axi_dma_0 present in hardware design
ERROR: [Hsi 55-1403] C:/Users/LIUYAOHUI/Desktop/1249/1249_bsp/system.mss line 28 - No IP instance named axi_fifo_mm_s_0 present in hardware design
ERROR: [Hsi 55-1403] C:/Users/LIUYAOHUI/Desktop/1249/1249_bsp/system.mss line 34 - No IP instance named axi_intc_0 present in hardware design
ERROR: [Hsi 55-1403] C:/Users/LIUYAOHUI/Desktop/1249/1249_bsp/system.mss line 40 - No IP instance named axi_quad_spi_0 present in hardware design
ERROR: [Hsi 55-1403] C:/Users/LIUYAOHUI/Desktop/1249/1249_bsp/system.mss line 46 - No IP instance named axi_timer_0 present in hardware design
ERROR: [Hsi 55-1403] C:/Users/LIUYAOHUI/Desktop/1249/1249_bsp/system.mss line 52 - No IP instance named axi_uartlite_0 present in hardware design
ERROR: [Hsi 55-1403] C:/Users/LIUYAOHUI/Desktop/1249/1249_bsp/system.mss line 58 - No IP instance named ddr4_0 present in hardware design
ERROR: [Hsi 55-1403] C:/Users/LIUYAOHUI/Desktop/1249/1249_bsp/system.mss line 64 - No IP instance named mdm_0 present in hardware design
ERROR: [Hsi 55-1403] C:/Users/LIUYAOHUI/Desktop/1249/1249_bsp/system.mss line 70 - No IP instance named microblaze_1_local_memory_dlmb_bram_if_cntlr present in hardware design
ERROR: [Hsi 55-1403] C:/Users/LIUYAOHUI/Desktop/1249/1249_bsp/system.mss line 76 - No IP instance named microblaze_1_local_memory_ilmb_bram_if_cntlr present in hardware design
ERROR: [Hsi 55-1452] Error: running open_sw_design.

09:30:26 ERROR :  [Common 17-39] 'hsi::open_sw_design' failed due to earlier errors.
09:30:26 ERROR : (XSDB Server)ERROR: [Hsi 55-1403] C:/Users/LIUYAOHUI/Desktop/1249/1249_bsp/system.mss line 14 - No IP instance named microblaze_1 present in hardware design

09:30:26 ERROR : (XSDB Server)ERROR: [Hsi 55-1403] C:/Users/LIUYAOHUI/Desktop/1249/1249_bsp/system.mss line 22 - No IP instance named axi_dma_0 present in hardware design
ERROR: [Hsi 55-1403] C:/Users/LIUYAOHUI/Desktop/1249/1249_bsp/system.mss line 28 - No IP instance named axi_fifo_mm_s_0 present in hardware design
ERROR: [Hsi 55-1403] C:/Users/LIUYAOHUI/Desktop/1249/1249_bsp/system.mss line 34 - No IP instance named axi_intc_0 present in hardware design
ERROR: [Hsi 55-1403] C:/Users/LIUYAOHUI/Desktop/1249/1249_bsp/system.mss line 40 - No IP instance named axi_quad_spi_0 present in hardware design
ERROR: [Hsi 55-1403] C:/Users/LIUYAOHUI/Desktop/1249/1249_bsp/system.mss line 46 - No IP instance named axi_timer_0 present in hardware design
ERROR: [Hsi 55-1403] C:/Users/LIUYAOHUI/Desktop/1249/1249_bsp/system.mss line 52 - No IP instance named axi_uartlite_0 present in hardware design
ERROR: [Hsi 55-1403] C:/Users/LIUYAOHUI/Desktop/1249/1249_bsp/system.mss line 58 - No IP instance named ddr4_0 present in hardware design
ERROR: [Hsi 55-1403] C:/Users/LIUYAOHUI/Desktop/1249/1249_bsp/system.mss line 64 - No IP instance named mdm_0 present in hardware design
ERROR: [Hsi 55-1403] C:/Users/LIUYAOHUI/Desktop/1249/1249_bsp/system.mss line 70 - No IP instance named microblaze_1_local_memory_dlmb_bram_if_cntlr present in hardware design
ERROR: [Hsi 55-1403] C:/Users/LIUYAOHUI/Desktop/1249/1249_bsp/system.mss line 76 - No IP instance named microblaze_1_local_memory_ilmb_bram_if_cntlr present in hardware design

09:30:26 ERROR : (XSDB Server)ERROR: [Hsi 55-1452] Error: running open_sw_design.

09:30:26 INFO  : Unable to read in MSS file C:\Users\LIUYAOHUI\Desktop\1249\1249_bsp\system.mss : null
09:30:26 ERROR : Failed to closesw "C:/Users/LIUYAOHUI/Desktop/1249/1249_bsp/system.mss"
Reason: Cannot close sw design 'C:/Users/LIUYAOHUI/Desktop/1249/1249_bsp/system.mss'.
Design is not opened in the current session.


09:30:29 ERROR : (XSDB Server)ERROR: [Hsi 55-1403] C:/Users/LIUYAOHUI/Desktop/1249/1249_bsp/system.mss line 14 - No IP instance named microblaze_1 present in hardware design

09:30:29 ERROR : (XSDB Server)ERROR: [Hsi 55-1403] C:/Users/LIUYAOHUI/Desktop/1249/1249_bsp/system.mss line 22 - No IP instance named axi_dma_0 present in hardware design
ERROR: [Hsi 55-1403] C:/Users/LIUYAOHUI/Desktop/1249/1249_bsp/system.mss line 28 - No IP instance named axi_fifo_mm_s_0 present in hardware design
ERROR: [Hsi 55-1403] C:/Users/LIUYAOHUI/Desktop/1249/1249_bsp/system.mss line 34 - No IP instance named axi_intc_0 present in hardware design
ERROR: [Hsi 55-1403] C:/Users/LIUYAOHUI/Desktop/1249/1249_bsp/system.mss line 40 - No IP instance named axi_quad_spi_0 present in hardware design
ERROR: [Hsi 55-1403] C:/Users/LIUYAOHUI/Desktop/1249/1249_bsp/system.mss line 46 - No IP instance named axi_timer_0 present in hardware design
ERROR: [Hsi 55-1403] C:/Users/LIUYAOHUI/Desktop/1249/1249_bsp/system.mss line 52 - No IP instance named axi_uartlite_0 present in hardware design
ERROR: [Hsi 55-1403] C:/Users/LIUYAOHUI/Desktop/1249/1249_bsp/system.mss line 58 - No IP instance named ddr4_0 present in hardware design
ERROR: [Hsi 55-1403] C:/Users/LIUYAOHUI/Desktop/1249/1249_bsp/system.mss line 64 - No IP instance named mdm_0 present in hardware design
ERROR: [Hsi 55-1403] C:/Users/LIUYAOHUI/Desktop/1249/1249_bsp/system.mss line 70 - No IP instance named microblaze_1_local_memory_dlmb_bram_if_cntlr present in hardware design
ERROR: [Hsi 55-1403] C:/Users/LIUYAOHUI/Desktop/1249/1249_bsp/system.mss line 76 - No IP instance named microblaze_1_local_memory_ilmb_bram_if_cntlr present in hardware design
ERROR: [Hsi 55-1452] Error: running open_sw_design.

09:30:29 ERROR :  [Common 17-39] 'hsi::open_sw_design' failed due to earlier errors.
09:30:29 ERROR : (XSDB Server)ERROR: [Hsi 55-1403] C:/Users/LIUYAOHUI/Desktop/1249/1249_bsp/system.mss line 14 - No IP instance named microblaze_1 present in hardware design

09:30:29 ERROR : (XSDB Server)ERROR: [Hsi 55-1403] C:/Users/LIUYAOHUI/Desktop/1249/1249_bsp/system.mss line 22 - No IP instance named axi_dma_0 present in hardware design
ERROR: [Hsi 55-1403] C:/Users/LIUYAOHUI/Desktop/1249/1249_bsp/system.mss line 28 - No IP instance named axi_fifo_mm_s_0 present in hardware design
ERROR: [Hsi 55-1403] C:/Users/LIUYAOHUI/Desktop/1249/1249_bsp/system.mss line 34 - No IP instance named axi_intc_0 present in hardware design
ERROR: [Hsi 55-1403] C:/Users/LIUYAOHUI/Desktop/1249/1249_bsp/system.mss line 40 - No IP instance named axi_quad_spi_0 present in hardware design
ERROR: [Hsi 55-1403] C:/Users/LIUYAOHUI/Desktop/1249/1249_bsp/system.mss line 46 - No IP instance named axi_timer_0 present in hardware design
ERROR: [Hsi 55-1403] C:/Users/LIUYAOHUI/Desktop/1249/1249_bsp/system.mss line 52 - No IP instance named axi_uartlite_0 present in hardware design
ERROR: [Hsi 55-1403] C:/Users/LIUYAOHUI/Desktop/1249/1249_bsp/system.mss line 58 - No IP instance named ddr4_0 present in hardware design
ERROR: [Hsi 55-1403] C:/Users/LIUYAOHUI/Desktop/1249/1249_bsp/system.mss line 64 - No IP instance named mdm_0 present in hardware design
ERROR: [Hsi 55-1403] C:/Users/LIUYAOHUI/Desktop/1249/1249_bsp/system.mss line 70 - No IP instance named microblaze_1_local_memory_dlmb_bram_if_cntlr present in hardware design
ERROR: [Hsi 55-1403] C:/Users/LIUYAOHUI/Desktop/1249/1249_bsp/system.mss line 76 - No IP instance named microblaze_1_local_memory_ilmb_bram_if_cntlr present in hardware design
ERROR: [Hsi 55-1452] Error: running open_sw_design.

09:30:29 INFO  : Unable to read in MSS file C:\Users\LIUYAOHUI\Desktop\1249\1249_bsp\system.mss : null
09:30:29 ERROR : Failed to closesw "C:/Users/LIUYAOHUI/Desktop/1249/1249_bsp/system.mss"
Reason: Cannot close sw design 'C:/Users/LIUYAOHUI/Desktop/1249/1249_bsp/system.mss'.
Design is not opened in the current session.


09:32:29 INFO  : Launching XSCT server: xsct.bat -interactive C:\Users\LIUYAOHUI\Desktop\1249\temp_xsdb_launch_script.tcl
09:32:30 INFO  : XSCT server has started successfully.
09:32:30 INFO  : Successfully done setting XSCT server connection channel  
09:32:32 INFO  : Successfully done setting SDK workspace  
09:32:34 INFO  : Registering command handlers for SDK TCF services
09:33:39 INFO  : Connected to target on host '127.0.0.1' and port '3121'.
09:33:39 INFO  : Jtag cable 'Digilent JTAG-SMT2 210251A08870' is selected.
09:33:39 INFO  : 'jtag frequency' command is executed.
09:33:39 INFO  : 'targets -set -filter {jtag_cable_name =~ "Digilent JTAG-SMT2 210251A08870" && level==0} -index 0' command is executed.
09:33:58 INFO  : FPGA configured successfully with bitstream "C:/Users/LIUYAOHUI/Desktop/1249/top_hw_platform_0/top0807.bit"
09:33:58 INFO  : 'configparams mdm-detect-bscan-mask 2' command is executed.
09:33:58 INFO  : Context for processor 'u_nhc_amba_core_cpu_subsystem_u_cpu_subsystem_i_microblaze_1' is selected.
09:33:58 INFO  : System reset is completed.
09:34:01 INFO  : 'after 3000' command is executed.
09:34:01 INFO  : Context for processor 'u_nhc_amba_core_cpu_subsystem_u_cpu_subsystem_i_microblaze_1' is selected.
09:34:03 INFO  : The application 'C:/Users/LIUYAOHUI/Desktop/1249/1249/Debug/1249.elf' is downloaded to processor 'u_nhc_amba_core_cpu_subsystem_u_cpu_subsystem_i_microblaze_1'.
09:34:03 INFO  : ----------------XSDB Script----------------
connect -url tcp:127.0.0.1:3121
targets -set -filter {jtag_cable_name =~ "Digilent JTAG-SMT2 210251A08870" && level==0} -index 0
fpga -file C:/Users/LIUYAOHUI/Desktop/1249/top_hw_platform_0/top0807.bit
configparams mdm-detect-bscan-mask 2
targets -set -nocase -filter {name =~ "microblaze*#0" && bscan=="USER2"  && jtag_cable_name =~ "Digilent JTAG-SMT2 210251A08870"} -index 0
rst -system
after 3000
targets -set -nocase -filter {name =~ "microblaze*#0" && bscan=="USER2"  && jtag_cable_name =~ "Digilent JTAG-SMT2 210251A08870"} -index 0
dow C:/Users/LIUYAOHUI/Desktop/1249/1249/Debug/1249.elf
----------------End of Script----------------

09:34:03 INFO  : Memory regions updated for context MicroBlaze #0
09:34:03 INFO  : Memory regions updated for context MicroBlaze #0
09:34:03 INFO  : Context for processor 'u_nhc_amba_core_cpu_subsystem_u_cpu_subsystem_i_microblaze_1' is selected.
09:34:03 INFO  : 'con' command is executed.
09:34:03 INFO  : ----------------XSDB Script (After Launch)----------------
targets -set -nocase -filter {name =~ "microblaze*#0" && bscan=="USER2"  && jtag_cable_name =~ "Digilent JTAG-SMT2 210251A08870"} -index 0
con
----------------End of Script----------------

09:34:03 INFO  : Launch script is exported to file 'C:\Users\LIUYAOHUI\Desktop\1249\.sdk\launch_scripts\xilinx_c-c++_application_(system_debugger)\system_debugger_on_local.tcl'
09:37:51 INFO  : Disconnected from the channel tcfchan#1.
09:37:52 INFO  : Connected to target on host '127.0.0.1' and port '3121'.
09:37:52 INFO  : Jtag cable 'Digilent JTAG-SMT2 210251A08870' is selected.
09:37:52 INFO  : 'jtag frequency' command is executed.
09:37:52 INFO  : 'targets -set -filter {jtag_cable_name =~ "Digilent JTAG-SMT2 210251A08870" && level==0} -index 0' command is executed.
09:38:11 INFO  : FPGA configured successfully with bitstream "C:/Users/LIUYAOHUI/Desktop/1249/top_hw_platform_0/top0807.bit"
09:38:11 INFO  : 'configparams mdm-detect-bscan-mask 2' command is executed.
09:38:11 INFO  : Context for processor 'u_nhc_amba_core_cpu_subsystem_u_cpu_subsystem_i_microblaze_1' is selected.
09:38:11 INFO  : System reset is completed.
09:38:14 INFO  : 'after 3000' command is executed.
09:38:14 INFO  : Context for processor 'u_nhc_amba_core_cpu_subsystem_u_cpu_subsystem_i_microblaze_1' is selected.
09:38:16 INFO  : The application 'C:/Users/LIUYAOHUI/Desktop/1249/1249/Debug/1249.elf' is downloaded to processor 'u_nhc_amba_core_cpu_subsystem_u_cpu_subsystem_i_microblaze_1'.
09:38:16 INFO  : ----------------XSDB Script----------------
connect -url tcp:127.0.0.1:3121
targets -set -filter {jtag_cable_name =~ "Digilent JTAG-SMT2 210251A08870" && level==0} -index 0
fpga -file C:/Users/LIUYAOHUI/Desktop/1249/top_hw_platform_0/top0807.bit
configparams mdm-detect-bscan-mask 2
targets -set -nocase -filter {name =~ "microblaze*#0" && bscan=="USER2"  && jtag_cable_name =~ "Digilent JTAG-SMT2 210251A08870"} -index 0
rst -system
after 3000
targets -set -nocase -filter {name =~ "microblaze*#0" && bscan=="USER2"  && jtag_cable_name =~ "Digilent JTAG-SMT2 210251A08870"} -index 0
dow C:/Users/LIUYAOHUI/Desktop/1249/1249/Debug/1249.elf
----------------End of Script----------------

09:38:16 INFO  : Memory regions updated for context MicroBlaze #0
09:38:16 INFO  : Memory regions updated for context MicroBlaze #0
09:38:16 INFO  : Context for processor 'u_nhc_amba_core_cpu_subsystem_u_cpu_subsystem_i_microblaze_1' is selected.
09:38:16 INFO  : 'con' command is executed.
09:38:16 INFO  : ----------------XSDB Script (After Launch)----------------
targets -set -nocase -filter {name =~ "microblaze*#0" && bscan=="USER2"  && jtag_cable_name =~ "Digilent JTAG-SMT2 210251A08870"} -index 0
con
----------------End of Script----------------

09:38:16 INFO  : Launch script is exported to file 'C:\Users\LIUYAOHUI\Desktop\1249\.sdk\launch_scripts\xilinx_c-c++_application_(system_debugger)\system_debugger_on_local.tcl'
09:47:58 INFO  : Disconnected from the channel tcfchan#2.
10:39:56 INFO  : Registering command handlers for SDK TCF services
10:39:56 INFO  : Launching XSCT server: xsct.bat -interactive C:\Users\LIUYAOHUI\Desktop\1249\temp_xsdb_launch_script.tcl
10:39:57 INFO  : XSCT server has started successfully.
10:39:57 INFO  : Successfully done setting XSCT server connection channel  
10:39:57 INFO  : Successfully done setting SDK workspace  
10:40:35 ERROR : (XSDB Server)ERROR: [Hsi 55-1403] C:/Users/LIUYAOHUI/Desktop/1249/1249_bsp/system.mss line 14 - No IP instance named microblaze_1 present in hardware design
ERROR: [Hsi 55-1403] C:/Users/LIUYAOHUI/Desktop/1249/1249_bsp/system.mss line 22 - No IP instance named axi_dma_0 present in hardware design

10:40:35 ERROR : (XSDB Server)ERROR: [Hsi 55-1403] C:/Users/LIUYAOHUI/Desktop/1249/1249_bsp/system.mss line 28 - No IP instance named axi_fifo_mm_s_0 present in hardware design
ERROR: [Hsi 55-1403] C:/Users/LIUYAOHUI/Desktop/1249/1249_bsp/system.mss line 34 - No IP instance named axi_intc_0 present in hardware design
ERROR: [Hsi 55-1403] C:/Users/LIUYAOHUI/Desktop/1249/1249_bsp/system.mss line 40 - No IP instance named axi_quad_spi_0 present in hardware design
ERROR: [Hsi 55-1403] C:/Users/LIUYAOHUI/Desktop/1249/1249_bsp/system.mss line 46 - No IP instance named axi_timer_0 present in hardware design
ERROR: [Hsi 55-1403] C:/Users/LIUYAOHUI/Desktop/1249/1249_bsp/system.mss line 52 - No IP instance named axi_uartlite_0 present in hardware design
ERROR: [Hsi 55-1403] C:/Users/LIUYAOHUI/Desktop/1249/1249_bsp/system.mss line 58 - No IP instance named ddr4_0 present in hardware design
ERROR: [Hsi 55-1403] C:/Users/LIUYAOHUI/Desktop/1249/1249_bsp/system.mss line 64 - No IP instance named mdm_0 present in hardware design
ERROR: [Hsi 55-1403] C:/Users/LIUYAOHUI/Desktop/1249/1249_bsp/system.mss line 70 - No IP instance named microblaze_1_local_memory_dlmb_bram_if_cntlr present in hardware design
ERROR: [Hsi 55-1403] C:/Users/LIUYAOHUI/Desktop/1249/1249_bsp/system.mss line 76 - No IP instance named microblaze_1_local_memory_ilmb_bram_if_cntlr present in hardware design

10:40:35 ERROR : (XSDB Server)ERROR: [Hsi 55-1452] Error: running open_sw_design.

10:40:35 ERROR :  [Common 17-39] 'hsi::open_sw_design' failed due to earlier errors.
10:40:35 ERROR : (XSDB Server)ERROR: [Hsi 55-1403] C:/Users/LIUYAOHUI/Desktop/1249/1249_bsp/system.mss line 14 - No IP instance named microblaze_1 present in hardware design

10:40:35 ERROR : (XSDB Server)ERROR: [Hsi 55-1403] C:/Users/LIUYAOHUI/Desktop/1249/1249_bsp/system.mss line 22 - No IP instance named axi_dma_0 present in hardware design
ERROR: [Hsi 55-1403] C:/Users/LIUYAOHUI/Desktop/1249/1249_bsp/system.mss line 28 - No IP instance named axi_fifo_mm_s_0 present in hardware design
ERROR: [Hsi 55-1403] C:/Users/LIUYAOHUI/Desktop/1249/1249_bsp/system.mss line 34 - No IP instance named axi_intc_0 present in hardware design

10:40:35 ERROR : (XSDB Server)ERROR: [Hsi 55-1403] C:/Users/LIUYAOHUI/Desktop/1249/1249_bsp/system.mss line 40 - No IP instance named axi_quad_spi_0 present in hardware design
ERROR: [Hsi 55-1403] C:/Users/LIUYAOHUI/Desktop/1249/1249_bsp/system.mss line 46 - No IP instance named axi_timer_0 present in hardware design
ERROR: [Hsi 55-1403] C:/Users/LIUYAOHUI/Desktop/1249/1249_bsp/system.mss line 52 - No IP instance named axi_uartlite_0 present in hardware design

10:40:35 ERROR : (XSDB Server)ERROR: [Hsi 55-1403] C:/Users/LIUYAOHUI/Desktop/1249/1249_bsp/system.mss line 58 - No IP instance named ddr4_0 present in hardware design
ERROR: [Hsi 55-1403] C:/Users/LIUYAOHUI/Desktop/1249/1249_bsp/system.mss line 64 - No IP instance named mdm_0 present in hardware design

10:40:35 ERROR : (XSDB Server)ERROR: [Hsi 55-1403] C:/Users/LIUYAOHUI/Desktop/1249/1249_bsp/system.mss line 70 - No IP instance named microblaze_1_local_memory_dlmb_bram_if_cntlr present in hardware design
ERROR: [Hsi 55-1403] C:/Users/LIUYAOHUI/Desktop/1249/1249_bsp/system.mss line 76 - No IP instance named microblaze_1_local_memory_ilmb_bram_if_cntlr present in hardware design

10:40:35 ERROR : (XSDB Server)ERROR: [Hsi 55-1452] Error: running open_sw_design.

10:40:35 INFO  : Unable to read in MSS file C:\Users\LIUYAOHUI\Desktop\1249\1249_bsp\system.mss : null
10:40:35 ERROR : Failed to closesw "C:/Users/LIUYAOHUI/Desktop/1249/1249_bsp/system.mss"
Reason: Cannot close sw design 'C:/Users/LIUYAOHUI/Desktop/1249/1249_bsp/system.mss'.
Design is not opened in the current session.


10:40:38 ERROR : (XSDB Server)ERROR: [Hsi 55-1403] C:/Users/LIUYAOHUI/Desktop/1249/1249_bsp/system.mss line 14 - No IP instance named microblaze_1 present in hardware design

10:40:38 ERROR : (XSDB Server)ERROR: [Hsi 55-1403] C:/Users/LIUYAOHUI/Desktop/1249/1249_bsp/system.mss line 22 - No IP instance named axi_dma_0 present in hardware design
ERROR: [Hsi 55-1403] C:/Users/LIUYAOHUI/Desktop/1249/1249_bsp/system.mss line 28 - No IP instance named axi_fifo_mm_s_0 present in hardware design
ERROR: [Hsi 55-1403] C:/Users/LIUYAOHUI/Desktop/1249/1249_bsp/system.mss line 34 - No IP instance named axi_intc_0 present in hardware design
ERROR: [Hsi 55-1403] C:/Users/LIUYAOHUI/Desktop/1249/1249_bsp/system.mss line 40 - No IP instance named axi_quad_spi_0 present in hardware design
ERROR: [Hsi 55-1403] C:/Users/LIUYAOHUI/Desktop/1249/1249_bsp/system.mss line 46 - No IP instance named axi_timer_0 present in hardware design
ERROR: [Hsi 55-1403] C:/Users/LIUYAOHUI/Desktop/1249/1249_bsp/system.mss line 52 - No IP instance named axi_uartlite_0 present in hardware design
ERROR: [Hsi 55-1403] C:/Users/LIUYAOHUI/Desktop/1249/1249_bsp/system.mss line 58 - No IP instance named ddr4_0 present in hardware design
ERROR: [Hsi 55-1403] C:/Users/LIUYAOHUI/Desktop/1249/1249_bsp/system.mss line 64 - No IP instance named mdm_0 present in hardware design
ERROR: [Hsi 55-1403] C:/Users/LIUYAOHUI/Desktop/1249/1249_bsp/system.mss line 70 - No IP instance named microblaze_1_local_memory_dlmb_bram_if_cntlr present in hardware design
ERROR: [Hsi 55-1403] C:/Users/LIUYAOHUI/Desktop/1249/1249_bsp/system.mss line 76 - No IP instance named microblaze_1_local_memory_ilmb_bram_if_cntlr present in hardware design
ERROR: [Hsi 55-1452] Error: running open_sw_design.

10:40:38 ERROR :  [Common 17-39] 'hsi::open_sw_design' failed due to earlier errors.
10:40:38 ERROR : (XSDB Server)ERROR: [Hsi 55-1403] C:/Users/LIUYAOHUI/Desktop/1249/1249_bsp/system.mss line 14 - No IP instance named microblaze_1 present in hardware design
ERROR: [Hsi 55-1403] C:/Users/LIUYAOHUI/Desktop/1249/1249_bsp/system.mss line 22 - No IP instance named axi_dma_0 present in hardware design
ERROR: [Hsi 55-1403] C:/Users/LIUYAOHUI/Desktop/1249/1249_bsp/system.mss line 28 - No IP instance named axi_fifo_mm_s_0 present in hardware design

10:40:38 ERROR : (XSDB Server)ERROR: [Hsi 55-1403] C:/Users/LIUYAOHUI/Desktop/1249/1249_bsp/system.mss line 34 - No IP instance named axi_intc_0 present in hardware design
ERROR: [Hsi 55-1403] C:/Users/LIUYAOHUI/Desktop/1249/1249_bsp/system.mss line 40 - No IP instance named axi_quad_spi_0 present in hardware design
ERROR: [Hsi 55-1403] C:/Users/LIUYAOHUI/Desktop/1249/1249_bsp/system.mss line 46 - No IP instance named axi_timer_0 present in hardware design
ERROR: [Hsi 55-1403] C:/Users/LIUYAOHUI/Desktop/1249/1249_bsp/system.mss line 52 - No IP instance named axi_uartlite_0 present in hardware design
ERROR: [Hsi 55-1403] C:/Users/LIUYAOHUI/Desktop/1249/1249_bsp/system.mss line 58 - No IP instance named ddr4_0 present in hardware design
ERROR: [Hsi 55-1403] C:/Users/LIUYAOHUI/Desktop/1249/1249_bsp/system.mss line 64 - No IP instance named mdm_0 present in hardware design
ERROR: [Hsi 55-1403] C:/Users/LIUYAOHUI/Desktop/1249/1249_bsp/system.mss line 70 - No IP instance named microblaze_1_local_memory_dlmb_bram_if_cntlr present in hardware design
ERROR: [Hsi 55-1403] C:/Users/LIUYAOHUI/Desktop/1249/1249_bsp/system.mss line 76 - No IP instance named microblaze_1_local_memory_ilmb_bram_if_cntlr present in hardware design

10:40:38 ERROR : (XSDB Server)ERROR: [Hsi 55-1452] Error: running open_sw_design.

10:40:38 INFO  : Unable to read in MSS file C:\Users\LIUYAOHUI\Desktop\1249\1249_bsp\system.mss : null
10:40:38 ERROR : Failed to closesw "C:/Users/LIUYAOHUI/Desktop/1249/1249_bsp/system.mss"
Reason: Cannot close sw design 'C:/Users/LIUYAOHUI/Desktop/1249/1249_bsp/system.mss'.
Design is not opened in the current session.


10:41:05 INFO  : Launching XSCT server: xsct.bat -interactive C:\Users\LIUYAOHUI\Desktop\1249\temp_xsdb_launch_script.tcl
10:41:06 INFO  : XSCT server has started successfully.
10:41:06 INFO  : Successfully done setting XSCT server connection channel  
10:41:07 INFO  : Successfully done setting SDK workspace  
10:41:08 INFO  : Registering command handlers for SDK TCF services
10:41:37 ERROR : (XSDB Server)ERROR: [Hsi 55-1403] C:/Users/LIUYAOHUI/Desktop/1249/1249_bsp/system.mss line 14 - No IP instance named microblaze_1 present in hardware design

10:41:37 ERROR : (XSDB Server)ERROR: [Hsi 55-1403] C:/Users/LIUYAOHUI/Desktop/1249/1249_bsp/system.mss line 22 - No IP instance named axi_dma_0 present in hardware design
ERROR: [Hsi 55-1403] C:/Users/LIUYAOHUI/Desktop/1249/1249_bsp/system.mss line 28 - No IP instance named axi_fifo_mm_s_0 present in hardware design
ERROR: [Hsi 55-1403] C:/Users/LIUYAOHUI/Desktop/1249/1249_bsp/system.mss line 34 - No IP instance named axi_intc_0 present in hardware design
ERROR: [Hsi 55-1403] C:/Users/LIUYAOHUI/Desktop/1249/1249_bsp/system.mss line 40 - No IP instance named axi_quad_spi_0 present in hardware design
ERROR: [Hsi 55-1403] C:/Users/LIUYAOHUI/Desktop/1249/1249_bsp/system.mss line 46 - No IP instance named axi_timer_0 present in hardware design
ERROR: [Hsi 55-1403] C:/Users/LIUYAOHUI/Desktop/1249/1249_bsp/system.mss line 52 - No IP instance named axi_uartlite_0 present in hardware design
ERROR: [Hsi 55-1403] C:/Users/LIUYAOHUI/Desktop/1249/1249_bsp/system.mss line 58 - No IP instance named ddr4_0 present in hardware design
ERROR: [Hsi 55-1403] C:/Users/LIUYAOHUI/Desktop/1249/1249_bsp/system.mss line 64 - No IP instance named mdm_0 present in hardware design
ERROR: [Hsi 55-1403] C:/Users/LIUYAOHUI/Desktop/1249/1249_bsp/system.mss line 70 - No IP instance named microblaze_1_local_memory_dlmb_bram_if_cntlr present in hardware design
ERROR: [Hsi 55-1403] C:/Users/LIUYAOHUI/Desktop/1249/1249_bsp/system.mss line 76 - No IP instance named microblaze_1_local_memory_ilmb_bram_if_cntlr present in hardware design

10:41:37 ERROR : (XSDB Server)ERROR: [Hsi 55-1452] Error: running open_sw_design.

10:41:37 ERROR :  [Common 17-39] 'hsi::open_sw_design' failed due to earlier errors.
10:41:37 ERROR : (XSDB Server)ERROR: [Hsi 55-1403] C:/Users/LIUYAOHUI/Desktop/1249/1249_bsp/system.mss line 14 - No IP instance named microblaze_1 present in hardware design
ERROR: [Hsi 55-1403] C:/Users/LIUYAOHUI/Desktop/1249/1249_bsp/system.mss line 22 - No IP instance named axi_dma_0 present in hardware design

10:41:37 ERROR : (XSDB Server)ERROR: [Hsi 55-1403] C:/Users/LIUYAOHUI/Desktop/1249/1249_bsp/system.mss line 28 - No IP instance named axi_fifo_mm_s_0 present in hardware design
ERROR: [Hsi 55-1403] C:/Users/LIUYAOHUI/Desktop/1249/1249_bsp/system.mss line 34 - No IP instance named axi_intc_0 present in hardware design
ERROR: [Hsi 55-1403] C:/Users/LIUYAOHUI/Desktop/1249/1249_bsp/system.mss line 40 - No IP instance named axi_quad_spi_0 present in hardware design
ERROR: [Hsi 55-1403] C:/Users/LIUYAOHUI/Desktop/1249/1249_bsp/system.mss line 46 - No IP instance named axi_timer_0 present in hardware design
ERROR: [Hsi 55-1403] C:/Users/LIUYAOHUI/Desktop/1249/1249_bsp/system.mss line 52 - No IP instance named axi_uartlite_0 present in hardware design

10:41:37 ERROR : (XSDB Server)ERROR: [Hsi 55-1403] C:/Users/LIUYAOHUI/Desktop/1249/1249_bsp/system.mss line 58 - No IP instance named ddr4_0 present in hardware design
ERROR: [Hsi 55-1403] C:/Users/LIUYAOHUI/Desktop/1249/1249_bsp/system.mss line 64 - No IP instance named mdm_0 present in hardware design
ERROR: [Hsi 55-1403] C:/Users/LIUYAOHUI/Desktop/1249/1249_bsp/system.mss line 70 - No IP instance named microblaze_1_local_memory_dlmb_bram_if_cntlr present in hardware design
ERROR: [Hsi 55-1403] C:/Users/LIUYAOHUI/Desktop/1249/1249_bsp/system.mss line 76 - No IP instance named microblaze_1_local_memory_ilmb_bram_if_cntlr present in hardware design

10:41:37 ERROR : (XSDB Server)ERROR: [Hsi 55-1452] Error: running open_sw_design.

10:41:37 INFO  : Unable to read in MSS file C:\Users\LIUYAOHUI\Desktop\1249\1249_bsp\system.mss : null
10:41:37 ERROR : Failed to get_connected_periphs
Reason: ERROR: [Common 17-55] 'get_property' expects at least one object.
Resolution: If [get_<value>] was used to populate the object, check to make sure this command returns at least one valid object.

10:43:03 INFO  : Launching XSCT server: xsct.bat -interactive C:\Users\LIUYAOHUI\Desktop\1249\temp_xsdb_launch_script.tcl
10:43:04 INFO  : XSCT server has started successfully.
10:43:05 INFO  : Successfully done setting XSCT server connection channel  
10:43:05 INFO  : Successfully done setting SDK workspace  
10:43:06 INFO  : Registering command handlers for SDK TCF services
10:43:40 ERROR : (XSDB Server)ERROR: [Hsi 55-1403] C:/Users/LIUYAOHUI/Desktop/1249/1249_bsp/system.mss line 14 - No IP instance named microblaze_1 present in hardware design
ERROR: [Hsi 55-1403] C:/Users/LIUYAOHUI/Desktop/1249/1249_bsp/system.mss line 22 - No IP instance named axi_dma_0 present in hardware design
ERROR: [Hsi 55-1403] C:/Users/LIUYAOHUI/Desktop/1249/1249_bsp/system.mss line 28 - No IP instance named axi_fifo_mm_s_0 present in hardware design

10:43:40 ERROR : (XSDB Server)ERROR: [Hsi 55-1403] C:/Users/LIUYAOHUI/Desktop/1249/1249_bsp/system.mss line 34 - No IP instance named axi_intc_0 present in hardware design
ERROR: [Hsi 55-1403] C:/Users/LIUYAOHUI/Desktop/1249/1249_bsp/system.mss line 40 - No IP instance named axi_quad_spi_0 present in hardware design
ERROR: [Hsi 55-1403] C:/Users/LIUYAOHUI/Desktop/1249/1249_bsp/system.mss line 46 - No IP instance named axi_timer_0 present in hardware design
ERROR: [Hsi 55-1403] C:/Users/LIUYAOHUI/Desktop/1249/1249_bsp/system.mss line 52 - No IP instance named axi_uartlite_0 present in hardware design
ERROR: [Hsi 55-1403] C:/Users/LIUYAOHUI/Desktop/1249/1249_bsp/system.mss line 58 - No IP instance named ddr4_0 present in hardware design
ERROR: [Hsi 55-1403] C:/Users/LIUYAOHUI/Desktop/1249/1249_bsp/system.mss line 64 - No IP instance named mdm_0 present in hardware design
ERROR: [Hsi 55-1403] C:/Users/LIUYAOHUI/Desktop/1249/1249_bsp/system.mss line 70 - No IP instance named microblaze_1_local_memory_dlmb_bram_if_cntlr present in hardware design
ERROR: [Hsi 55-1403] C:/Users/LIUYAOHUI/Desktop/1249/1249_bsp/system.mss line 76 - No IP instance named microblaze_1_local_memory_ilmb_bram_if_cntlr present in hardware design

10:43:40 ERROR : (XSDB Server)ERROR: [Hsi 55-1452] Error: running open_sw_design.

10:43:40 ERROR :  [Common 17-39] 'hsi::open_sw_design' failed due to earlier errors.
10:43:40 ERROR : (XSDB Server)ERROR: [Hsi 55-1403] C:/Users/LIUYAOHUI/Desktop/1249/1249_bsp/system.mss line 14 - No IP instance named microblaze_1 present in hardware design
ERROR: [Hsi 55-1403] C:/Users/LIUYAOHUI/Desktop/1249/1249_bsp/system.mss line 22 - No IP instance named axi_dma_0 present in hardware design

10:43:40 ERROR : (XSDB Server)ERROR: [Hsi 55-1403] C:/Users/LIUYAOHUI/Desktop/1249/1249_bsp/system.mss line 28 - No IP instance named axi_fifo_mm_s_0 present in hardware design
ERROR: [Hsi 55-1403] C:/Users/LIUYAOHUI/Desktop/1249/1249_bsp/system.mss line 34 - No IP instance named axi_intc_0 present in hardware design
ERROR: [Hsi 55-1403] C:/Users/LIUYAOHUI/Desktop/1249/1249_bsp/system.mss line 40 - No IP instance named axi_quad_spi_0 present in hardware design

10:43:40 ERROR : (XSDB Server)ERROR: [Hsi 55-1403] C:/Users/LIUYAOHUI/Desktop/1249/1249_bsp/system.mss line 46 - No IP instance named axi_timer_0 present in hardware design
ERROR: [Hsi 55-1403] C:/Users/LIUYAOHUI/Desktop/1249/1249_bsp/system.mss line 52 - No IP instance named axi_uartlite_0 present in hardware design
ERROR: [Hsi 55-1403] C:/Users/LIUYAOHUI/Desktop/1249/1249_bsp/system.mss line 58 - No IP instance named ddr4_0 present in hardware design

10:43:40 ERROR : (XSDB Server)ERROR: [Hsi 55-1403] C:/Users/LIUYAOHUI/Desktop/1249/1249_bsp/system.mss line 64 - No IP instance named mdm_0 present in hardware design
ERROR: [Hsi 55-1403] C:/Users/LIUYAOHUI/Desktop/1249/1249_bsp/system.mss line 70 - No IP instance named microblaze_1_local_memory_dlmb_bram_if_cntlr present in hardware design

10:43:40 ERROR : (XSDB Server)ERROR: [Hsi 55-1403] C:/Users/LIUYAOHUI/Desktop/1249/1249_bsp/system.mss line 76 - No IP instance named microblaze_1_local_memory_ilmb_bram_if_cntlr present in hardware design

10:43:40 ERROR : (XSDB Server)ERROR: [Hsi 55-1452] Error: running open_sw_design.

10:43:40 INFO  : Unable to read in MSS file C:\Users\LIUYAOHUI\Desktop\1249\1249_bsp\system.mss : null
10:43:40 ERROR : (XSDB Server)ERROR: [Hsi 55-1403] C:/Users/LIUYAOHUI/Desktop/1249/1249_bsp/system.mss line 14 - No IP instance named microblaze_1 present in hardware design
ERROR: [Hsi 55-1403] C:/Users/LIUYAOHUI/Desktop/1249/1249_bsp/system.mss line 22 - No IP instance named axi_dma_0 present in hardware design
ERROR: [Hsi 55-1403] C:/Users/LIUYAOHUI/Desktop/1249/1249_bsp/system.mss line 28 - No IP instance named axi_fifo_mm_s_0 present in hardware design
ERROR: [Hsi 55-1403] C:/Users/LIUYAOHUI/Desktop/1249/1249_bsp/system.mss line 34 - No IP instance named axi_intc_0 present in hardware design
ERROR: [Hsi 55-1403] C:/Users/LIUYAOHUI/Desktop/1249/1249_bsp/system.mss line 40 - No IP instance named axi_quad_spi_0 present in hardware design
ERROR: [Hsi 55-1403] C:/Users/LIUYAOHUI/Desktop/1249/1249_bsp/system.mss line 46 - No IP instance named axi_timer_0 present in hardware design
ERROR: [Hsi 55-1403] C:/Users/LIUYAOHUI/Desktop/1249/1249_bsp/system.mss line 52 - No IP instance named axi_uartlite_0 present in hardware design
ERROR: [Hsi 55-1403] C:/Users/LIUYAOHUI/Desktop/1249/1249_bsp/system.mss line 58 - No IP instance named ddr4_0 present in hardware design
ERROR: [Hsi 55-1403] C:/Users/LIUYAOHUI/Desktop/1249/1249_bsp/system.mss line 64 - No IP instance named mdm_0 present in hardware design
ERROR: [Hsi 55-1403] C:/Users/LIUYAOHUI/Desktop/1249/1249_bsp/system.mss line 70 - No IP instance named microblaze_1_local_memory_dlmb_bram_if_cntlr present in hardware design
ERROR: [Hsi 55-1403] C:/Users/LIUYAOHUI/Desktop/1249/1249_bsp/system.mss line 76 - No IP instance named microblaze_1_local_memory_ilmb_bram_if_cntlr present in hardware design
ERROR: [Hsi 55-1452] Error: running open_sw_design.

10:43:40 ERROR : (XSDB Server)ERROR: [Hsi 55-1403] C:/Users/LIUYAOHUI/Desktop/1249/1249_bsp/system.mss line 14 - No IP instance named microblaze_1 present in hardware design

10:43:40 ERROR : (XSDB Server)ERROR: [Hsi 55-1403] C:/Users/LIUYAOHUI/Desktop/1249/1249_bsp/system.mss line 22 - No IP instance named axi_dma_0 present in hardware design
ERROR: [Hsi 55-1403] C:/Users/LIUYAOHUI/Desktop/1249/1249_bsp/system.mss line 28 - No IP instance named axi_fifo_mm_s_0 present in hardware design

10:43:40 ERROR : (XSDB Server)ERROR: [Hsi 55-1403] C:/Users/LIUYAOHUI/Desktop/1249/1249_bsp/system.mss line 34 - No IP instance named axi_intc_0 present in hardware design

10:43:40 ERROR : (XSDB Server)ERROR: [Hsi 55-1403] C:/Users/LIUYAOHUI/Desktop/1249/1249_bsp/system.mss line 40 - No IP instance named axi_quad_spi_0 present in hardware design

10:43:40 ERROR : (XSDB Server)ERROR: [Hsi 55-1403] C:/Users/LIUYAOHUI/Desktop/1249/1249_bsp/system.mss line 46 - No IP instance named axi_timer_0 present in hardware design
ERROR: [Hsi 55-1403] C:/Users/LIUYAOHUI/Desktop/1249/1249_bsp/system.mss line 52 - No IP instance named axi_uartlite_0 present in hardware design
ERROR: [Hsi 55-1403] C:/Users/LIUYAOHUI/Desktop/1249/1249_bsp/system.mss line 58 - No IP instance named ddr4_0 present in hardware design
ERROR: [Hsi 55-1403] C:/Users/LIUYAOHUI/Desktop/1249/1249_bsp/system.mss line 64 - No IP instance named mdm_0 present in hardware design
ERROR: [Hsi 55-1403] C:/Users/LIUYAOHUI/Desktop/1249/1249_bsp/system.mss line 70 - No IP instance named microblaze_1_local_memory_dlmb_bram_if_cntlr present in hardware design
ERROR: [Hsi 55-1403] C:/Users/LIUYAOHUI/Desktop/1249/1249_bsp/system.mss line 76 - No IP instance named microblaze_1_local_memory_ilmb_bram_if_cntlr present in hardware design
ERROR: [Hsi 55-1452] Error: running open_sw_design.

10:43:40 ERROR : Failed to get_connected_periphs
Reason: ERROR: [Common 17-55] 'get_property' expects at least one object.
Resolution: If [get_<value>] was used to populate the object, check to make sure this command returns at least one valid object.

10:44:21 INFO  : Connected to target on host '127.0.0.1' and port '3121'.
10:44:21 INFO  : Jtag cable 'Digilent JTAG-SMT2 210251A08870' is selected.
10:44:21 INFO  : 'jtag frequency' command is executed.
10:44:21 INFO  : 'targets -set -filter {jtag_cable_name =~ "Digilent JTAG-SMT2 210251A08870" && level==0} -index 0' command is executed.
10:44:40 INFO  : FPGA configured successfully with bitstream "C:/Users/LIUYAOHUI/Desktop/1249/top_hw_platform_0/top0802.bit"
10:44:40 INFO  : 'configparams mdm-detect-bscan-mask 2' command is executed.
10:44:40 INFO  : Context for processor 'u_nhc_amba_core_cpu_subsystem_u_cpu_subsystem_i_microblaze_1' is selected.
10:44:40 INFO  : System reset is completed.
10:44:43 INFO  : 'after 3000' command is executed.
10:44:43 INFO  : Context for processor 'u_nhc_amba_core_cpu_subsystem_u_cpu_subsystem_i_microblaze_1' is selected.
10:44:45 INFO  : The application 'C:/Users/LIUYAOHUI/Desktop/1249/1249/Debug/1249.elf' is downloaded to processor 'u_nhc_amba_core_cpu_subsystem_u_cpu_subsystem_i_microblaze_1'.
10:44:45 INFO  : ----------------XSDB Script----------------
connect -url tcp:127.0.0.1:3121
targets -set -filter {jtag_cable_name =~ "Digilent JTAG-SMT2 210251A08870" && level==0} -index 0
fpga -file C:/Users/LIUYAOHUI/Desktop/1249/top_hw_platform_0/top0802.bit
configparams mdm-detect-bscan-mask 2
targets -set -nocase -filter {name =~ "microblaze*#0" && bscan=="USER2"  && jtag_cable_name =~ "Digilent JTAG-SMT2 210251A08870"} -index 0
rst -system
after 3000
targets -set -nocase -filter {name =~ "microblaze*#0" && bscan=="USER2"  && jtag_cable_name =~ "Digilent JTAG-SMT2 210251A08870"} -index 0
dow C:/Users/LIUYAOHUI/Desktop/1249/1249/Debug/1249.elf
----------------End of Script----------------

10:44:45 INFO  : Memory regions updated for context MicroBlaze #0
10:44:45 INFO  : Memory regions updated for context MicroBlaze #0
10:44:46 INFO  : Context for processor 'u_nhc_amba_core_cpu_subsystem_u_cpu_subsystem_i_microblaze_1' is selected.
10:44:46 INFO  : 'con' command is executed.
10:44:46 INFO  : ----------------XSDB Script (After Launch)----------------
targets -set -nocase -filter {name =~ "microblaze*#0" && bscan=="USER2"  && jtag_cable_name =~ "Digilent JTAG-SMT2 210251A08870"} -index 0
con
----------------End of Script----------------

10:44:46 INFO  : Launch script is exported to file 'C:\Users\LIUYAOHUI\Desktop\1249\.sdk\launch_scripts\xilinx_c-c++_application_(system_debugger)\system_debugger_on_local.tcl'
10:55:26 INFO  : Disconnected from the channel tcfchan#1.
10:55:27 INFO  : Connected to target on host '127.0.0.1' and port '3121'.
10:55:27 INFO  : Jtag cable 'Digilent JTAG-SMT2 210251A08870' is selected.
10:55:27 INFO  : 'jtag frequency' command is executed.
10:55:27 INFO  : 'targets -set -filter {jtag_cable_name =~ "Digilent JTAG-SMT2 210251A08870" && level==0} -index 0' command is executed.
10:55:46 INFO  : FPGA configured successfully with bitstream "C:/Users/LIUYAOHUI/Desktop/1249/top_hw_platform_0/top0802.bit"
10:55:46 INFO  : 'configparams mdm-detect-bscan-mask 2' command is executed.
10:55:46 INFO  : Context for processor 'u_nhc_amba_core_cpu_subsystem_u_cpu_subsystem_i_microblaze_1' is selected.
10:55:46 INFO  : System reset is completed.
10:55:49 INFO  : 'after 3000' command is executed.
10:55:49 INFO  : Context for processor 'u_nhc_amba_core_cpu_subsystem_u_cpu_subsystem_i_microblaze_1' is selected.
10:55:51 INFO  : The application 'C:/Users/LIUYAOHUI/Desktop/1249/1249/Debug/1249.elf' is downloaded to processor 'u_nhc_amba_core_cpu_subsystem_u_cpu_subsystem_i_microblaze_1'.
10:55:51 INFO  : ----------------XSDB Script----------------
connect -url tcp:127.0.0.1:3121
targets -set -filter {jtag_cable_name =~ "Digilent JTAG-SMT2 210251A08870" && level==0} -index 0
fpga -file C:/Users/LIUYAOHUI/Desktop/1249/top_hw_platform_0/top0802.bit
configparams mdm-detect-bscan-mask 2
targets -set -nocase -filter {name =~ "microblaze*#0" && bscan=="USER2"  && jtag_cable_name =~ "Digilent JTAG-SMT2 210251A08870"} -index 0
rst -system
after 3000
targets -set -nocase -filter {name =~ "microblaze*#0" && bscan=="USER2"  && jtag_cable_name =~ "Digilent JTAG-SMT2 210251A08870"} -index 0
dow C:/Users/LIUYAOHUI/Desktop/1249/1249/Debug/1249.elf
----------------End of Script----------------

10:55:51 INFO  : Memory regions updated for context MicroBlaze #0
10:55:51 INFO  : Memory regions updated for context MicroBlaze #0
10:55:51 INFO  : Context for processor 'u_nhc_amba_core_cpu_subsystem_u_cpu_subsystem_i_microblaze_1' is selected.
10:55:51 INFO  : 'con' command is executed.
10:55:51 INFO  : ----------------XSDB Script (After Launch)----------------
targets -set -nocase -filter {name =~ "microblaze*#0" && bscan=="USER2"  && jtag_cable_name =~ "Digilent JTAG-SMT2 210251A08870"} -index 0
con
----------------End of Script----------------

10:55:51 INFO  : Launch script is exported to file 'C:\Users\LIUYAOHUI\Desktop\1249\.sdk\launch_scripts\xilinx_c-c++_application_(system_debugger)\system_debugger_on_local.tcl'
11:18:10 INFO  : Disconnected from the channel tcfchan#2.
